<?xml version="1.0" encoding="UTF-8"?>
<!-- Generated by org.testng.reporters.JUnitReportReporter -->
<testsuite hostname="DESKTOP-AUJDBI1" failures="0" tests="1" name="testcases.LoginPageTest" time="21.544" errors="0" timestamp="08 Aug 2020 13:08:18 GMT" skipped="0">
  <testcase classname="testcases.LoginPageTest" name="loginPageTitleTest" time="21.544"/>
</testsuite> <!-- testcases.LoginPageTest -->
